<?xml version="1.0" encoding="UTF-8"?>
<coverage generated="1776767199622" clover="3.2.0">
  <project timestamp="1776767199623" name="All files">
    <metrics statements="73" coveredstatements="56" conditionals="24" coveredconditionals="17" methods="36" coveredmethods="27" elements="133" coveredelements="100" complexity="0" loc="73" ncloc="73" packages="4" files="8" classes="8"/>
    <package name="app.onboarding">
      <metrics statements="38" coveredstatements="36" conditionals="18" coveredconditionals="15" methods="17" coveredmethods="15"/>
      <file name="_layout.tsx" path="/Users/astro/Documents/enterprise-forms/app/onboarding/_layout.tsx">
        <metrics statements="18" coveredstatements="18" conditionals="10" coveredconditionals="9" methods="6" coveredmethods="6"/>
        <line num="10" count="1" type="stmt"/>
        <line num="16" count="2" type="stmt"/>
        <line num="17" count="2" type="cond" truecount="2" falsecount="0"/>
        <line num="18" count="1" type="stmt"/>
        <line num="30" count="8" type="stmt"/>
        <line num="43" count="24" type="stmt"/>
        <line num="44" count="24" type="stmt"/>
        <line num="45" count="24" type="stmt"/>
        <line num="47" count="8" type="stmt"/>
        <line num="48" count="4" type="cond" truecount="2" falsecount="0"/>
        <line num="49" count="3" type="stmt"/>
        <line num="61" count="8" type="cond" truecount="2" falsecount="0"/>
        <line num="62" count="2" type="stmt"/>
        <line num="65" count="6" type="cond" truecount="1" falsecount="1"/>
        <line num="66" count="6" type="stmt"/>
        <line num="67" count="6" type="cond" truecount="2" falsecount="0"/>
        <line num="68" count="4" type="stmt"/>
        <line num="72" count="2" type="stmt"/>
      </file>
      <file name="step1.tsx" path="/Users/astro/Documents/enterprise-forms/app/onboarding/step1.tsx">
        <metrics statements="20" coveredstatements="18" conditionals="8" coveredconditionals="6" methods="11" coveredmethods="9"/>
        <line num="10" count="1" type="stmt"/>
        <line num="16" count="13" type="stmt"/>
        <line num="17" count="13" type="stmt"/>
        <line num="18" count="13" type="stmt"/>
        <line num="20" count="13" type="cond" truecount="1" falsecount="1"/>
        <line num="22" count="13" type="stmt"/>
        <line num="29" count="16" type="stmt"/>
        <line num="41" count="0" type="stmt"/>
        <line num="49" count="16" type="stmt"/>
        <line num="62" count="1" type="stmt"/>
        <line num="70" count="16" type="stmt"/>
        <line num="83" count="0" type="stmt"/>
        <line num="91" count="13" type="stmt"/>
        <line num="94" count="2" type="stmt"/>
        <line num="101" count="2" type="stmt"/>
        <line num="102" count="2" type="cond" truecount="1" falsecount="1"/>
        <line num="103" count="2" type="stmt"/>
        <line num="104" count="2" type="stmt"/>
        <line num="112" count="2" type="stmt"/>
        <line num="128" count="1" type="stmt"/>
      </file>
    </package>
    <package name="components">
      <metrics statements="23" coveredstatements="11" conditionals="6" coveredconditionals="2" methods="8" coveredmethods="4"/>
      <file name="NextButton.tsx" path="/Users/astro/Documents/enterprise-forms/components/NextButton.tsx">
        <metrics statements="11" coveredstatements="11" conditionals="2" coveredconditionals="2" methods="4" coveredmethods="4"/>
        <line num="7" count="1" type="stmt"/>
        <line num="18" count="41" type="stmt"/>
        <line num="19" count="41" type="stmt"/>
        <line num="20" count="13" type="stmt"/>
        <line num="21" count="13" type="stmt"/>
        <line num="22" count="3" type="stmt"/>
        <line num="23" count="3" type="cond" truecount="2" falsecount="0"/>
        <line num="24" count="1" type="stmt"/>
        <line num="25" count="1" type="stmt"/>
        <line num="26" count="1" type="stmt"/>
        <line num="29" count="13" type="stmt"/>
      </file>
      <file name="StyledText.tsx" path="/Users/astro/Documents/enterprise-forms/components/StyledText.tsx">
        <metrics statements="1" coveredstatements="0" conditionals="0" coveredconditionals="0" methods="1" coveredmethods="0"/>
        <line num="4" count="0" type="stmt"/>
      </file>
      <file name="Themed.tsx" path="/Users/astro/Documents/enterprise-forms/components/Themed.tsx">
        <metrics statements="11" coveredstatements="0" conditionals="4" coveredconditionals="0" methods="3" coveredmethods="0"/>
        <line num="23" count="0" type="cond" truecount="0" falsecount="2"/>
        <line num="24" count="0" type="stmt"/>
        <line num="26" count="0" type="cond" truecount="0" falsecount="2"/>
        <line num="27" count="0" type="stmt"/>
        <line num="29" count="0" type="stmt"/>
        <line num="34" count="0" type="stmt"/>
        <line num="35" count="0" type="stmt"/>
        <line num="37" count="0" type="stmt"/>
        <line num="41" count="0" type="stmt"/>
        <line num="42" count="0" type="stmt"/>
        <line num="44" count="0" type="stmt"/>
      </file>
      <file name="useColorScheme.ts" path="/Users/astro/Documents/enterprise-forms/components/useColorScheme.ts">
        <metrics statements="0" coveredstatements="0" conditionals="0" coveredconditionals="0" methods="0" coveredmethods="0"/>
      </file>
    </package>
    <package name="constants">
      <metrics statements="2" coveredstatements="2" conditionals="0" coveredconditionals="0" methods="0" coveredmethods="0"/>
      <file name="Colors.ts" path="/Users/astro/Documents/enterprise-forms/constants/Colors.ts">
        <metrics statements="2" coveredstatements="2" conditionals="0" coveredconditionals="0" methods="0" coveredmethods="0"/>
        <line num="1" count="1" type="stmt"/>
        <line num="2" count="1" type="stmt"/>
      </file>
    </package>
    <package name="stores">
      <metrics statements="10" coveredstatements="7" conditionals="0" coveredconditionals="0" methods="11" coveredmethods="8"/>
      <file name="kycStore.ts" path="/Users/astro/Documents/enterprise-forms/stores/kycStore.ts">
        <metrics statements="10" coveredstatements="7" conditionals="0" coveredconditionals="0" methods="11" coveredmethods="8"/>
        <line num="29" count="1" type="stmt"/>
        <line num="31" count="1" type="stmt"/>
        <line num="37" count="1" type="stmt"/>
        <line num="40" count="1" type="stmt"/>
        <line num="44" count="1" type="stmt"/>
        <line num="47" count="0" type="stmt"/>
        <line num="50" count="0" type="stmt"/>
        <line num="57" count="0" type="stmt"/>
        <line num="62" count="1" type="stmt"/>
        <line num="64" count="1" type="stmt"/>
      </file>
    </package>
  </project>
</coverage>
