{"/Users/astro/Documents/enterprise-forms/app/onboarding/_layout.tsx": {"path":"/Users/astro/Documents/enterprise-forms/app/onboarding/_layout.tsx","statementMap":{"0":{"start":{"line":10,"column":22},"end":{"line":25,"column":2}},"1":{"start":{"line":16,"column":18},"end":{"line":16,"column":63}},"2":{"start":{"line":17,"column":6},"end":{"line":17,"column":33}},"3":{"start":{"line":17,"column":21},"end":{"line":17,"column":33}},"4":{"start":{"line":18,"column":6},"end":{"line":18,"column":18}},"5":{"start":{"line":30,"column":18},"end":{"line":42,"column":4}},"6":{"start":{"line":43,"column":19},"end":{"line":43,"column":57}},"7":{"start":{"line":43,"column":42},"end":{"line":43,"column":56}},"8":{"start":{"line":44,"column":22},"end":{"line":44,"column":64}},"9":{"start":{"line":44,"column":45},"end":{"line":44,"column":63}},"10":{"start":{"line":45,"column":28},"end":{"line":45,"column":75}},"11":{"start":{"line":45,"column":51},"end":{"line":45,"column":74}},"12":{"start":{"line":47,"column":2},"end":{"line":59,"column":20}},"13":{"start":{"line":48,"column":4},"end":{"line":58,"column":5}},"14":{"start":{"line":49,"column":6},"end":{"line":57,"column":9}},"15":{"start":{"line":61,"column":2},"end":{"line":63,"column":3}},"16":{"start":{"line":62,"column":4},"end":{"line":62,"column":61}},"17":{"start":{"line":65,"column":2},"end":{"line":70,"column":3}},"18":{"start":{"line":66,"column":21},"end":{"line":66,"column":42}},"19":{"start":{"line":67,"column":4},"end":{"line":69,"column":5}},"20":{"start":{"line":68,"column":6},"end":{"line":68,"column":63}},"21":{"start":{"line":72,"column":2},"end":{"line":78,"column":4}}},"fnMap":{"0":{"name":"(anonymous_0)","decl":{"start":{"line":15,"column":4},"end":{"line":15,"column":5}},"loc":{"start":{"line":15,"column":14},"end":{"line":19,"column":5}},"line":15},"1":{"name":"OnboardingLayout","decl":{"start":{"line":29,"column":24},"end":{"line":29,"column":40}},"loc":{"start":{"line":29,"column":43},"end":{"line":79,"column":1}},"line":29},"2":{"name":"(anonymous_2)","decl":{"start":{"line":43,"column":31},"end":{"line":43,"column":32}},"loc":{"start":{"line":43,"column":42},"end":{"line":43,"column":56}},"line":43},"3":{"name":"(anonymous_3)","decl":{"start":{"line":44,"column":34},"end":{"line":44,"column":35}},"loc":{"start":{"line":44,"column":45},"end":{"line":44,"column":63}},"line":44},"4":{"name":"(anonymous_4)","decl":{"start":{"line":45,"column":40},"end":{"line":45,"column":41}},"loc":{"start":{"line":45,"column":51},"end":{"line":45,"column":74}},"line":45},"5":{"name":"(anonymous_5)","decl":{"start":{"line":47,"column":12},"end":{"line":47,"column":13}},"loc":{"start":{"line":47,"column":18},"end":{"line":59,"column":3}},"line":47}},"branchMap":{"0":{"loc":{"start":{"line":17,"column":6},"end":{"line":17,"column":33}},"type":"if","locations":[{"start":{"line":17,"column":6},"end":{"line":17,"column":33}},{"start":{},"end":{}}],"line":17},"1":{"loc":{"start":{"line":48,"column":4},"end":{"line":58,"column":5}},"type":"if","locations":[{"start":{"line":48,"column":4},"end":{"line":58,"column":5}},{"start":{},"end":{}}],"line":48},"2":{"loc":{"start":{"line":61,"column":2},"end":{"line":63,"column":3}},"type":"if","locations":[{"start":{"line":61,"column":2},"end":{"line":63,"column":3}},{"start":{},"end":{}}],"line":61},"3":{"loc":{"start":{"line":65,"column":2},"end":{"line":70,"column":3}},"type":"if","locations":[{"start":{"line":65,"column":2},"end":{"line":70,"column":3}},{"start":{},"end":{}}],"line":65},"4":{"loc":{"start":{"line":67,"column":4},"end":{"line":69,"column":5}},"type":"if","locations":[{"start":{"line":67,"column":4},"end":{"line":69,"column":5}},{"start":{},"end":{}}],"line":67}},"s":{"0":1,"1":2,"2":2,"3":1,"4":1,"5":8,"6":8,"7":24,"8":8,"9":24,"10":8,"11":24,"12":8,"13":4,"14":3,"15":8,"16":2,"17":6,"18":6,"19":6,"20":4,"21":2},"f":{"0":2,"1":8,"2":24,"3":24,"4":24,"5":4},"b":{"0":[1,1],"1":[3,1],"2":[2,6],"3":[6,0],"4":[4,2]},"_coverageSchema":"1a1c01bbd47fc00a2c39e90264f33305004495a9","hash":"63b439b618c73396d0c072dc46c638c1d1800997"}
,"/Users/astro/Documents/enterprise-forms/app/onboarding/step1.tsx": {"path":"/Users/astro/Documents/enterprise-forms/app/onboarding/step1.tsx","statementMap":{"0":{"start":{"line":10,"column":22},"end":{"line":126,"column":1}},"1":{"start":{"line":16,"column":6},"end":{"line":16,"column":22}},"2":{"start":{"line":17,"column":26},"end":{"line":17,"column":41}},"3":{"start":{"line":18,"column":25},"end":{"line":18,"column":72}},"4":{"start":{"line":20,"column":4},"end":{"line":20,"column":70}},"5":{"start":{"line":22,"column":2},"end":{"line":125,"column":4}},"6":{"start":{"line":29,"column":12},"end":{"line":35,"column":14}},"7":{"start":{"line":41,"column":35},"end":{"line":41,"column":57}},"8":{"start":{"line":49,"column":12},"end":{"line":56,"column":14}},"9":{"start":{"line":62,"column":35},"end":{"line":62,"column":57}},"10":{"start":{"line":70,"column":12},"end":{"line":77,"column":14}},"11":{"start":{"line":83,"column":35},"end":{"line":83,"column":57}},"12":{"start":{"line":91,"column":12},"end":{"line":114,"column":19}},"13":{"start":{"line":94,"column":31},"end":{"line":94,"column":44}},"14":{"start":{"line":101,"column":20},"end":{"line":101,"column":35}},"15":{"start":{"line":102,"column":20},"end":{"line":105,"column":21}},"16":{"start":{"line":103,"column":42},"end":{"line":103,"column":76}},"17":{"start":{"line":104,"column":22},"end":{"line":104,"column":44}},"18":{"start":{"line":112,"column":41},"end":{"line":112,"column":63}},"19":{"start":{"line":128,"column":14},"end":{"line":136,"column":2}}},"fnMap":{"0":{"name":"(anonymous_0)","decl":{"start":{"line":10,"column":22},"end":{"line":10,"column":23}},"loc":{"start":{"line":10,"column":28},"end":{"line":126,"column":1}},"line":10},"1":{"name":"(anonymous_1)","decl":{"start":{"line":28,"column":18},"end":{"line":28,"column":19}},"loc":{"start":{"line":29,"column":12},"end":{"line":35,"column":14}},"line":29},"2":{"name":"(anonymous_2)","decl":{"start":{"line":41,"column":18},"end":{"line":41,"column":19}},"loc":{"start":{"line":41,"column":35},"end":{"line":41,"column":57}},"line":41},"3":{"name":"(anonymous_3)","decl":{"start":{"line":48,"column":18},"end":{"line":48,"column":19}},"loc":{"start":{"line":49,"column":12},"end":{"line":56,"column":14}},"line":49},"4":{"name":"(anonymous_4)","decl":{"start":{"line":62,"column":18},"end":{"line":62,"column":19}},"loc":{"start":{"line":62,"column":35},"end":{"line":62,"column":57}},"line":62},"5":{"name":"(anonymous_5)","decl":{"start":{"line":69,"column":18},"end":{"line":69,"column":19}},"loc":{"start":{"line":70,"column":12},"end":{"line":77,"column":14}},"line":70},"6":{"name":"(anonymous_6)","decl":{"start":{"line":83,"column":18},"end":{"line":83,"column":19}},"loc":{"start":{"line":83,"column":35},"end":{"line":83,"column":57}},"line":83},"7":{"name":"(anonymous_7)","decl":{"start":{"line":90,"column":18},"end":{"line":90,"column":19}},"loc":{"start":{"line":91,"column":12},"end":{"line":114,"column":19}},"line":91},"8":{"name":"(anonymous_8)","decl":{"start":{"line":94,"column":25},"end":{"line":94,"column":26}},"loc":{"start":{"line":94,"column":31},"end":{"line":94,"column":44}},"line":94},"9":{"name":"(anonymous_9)","decl":{"start":{"line":100,"column":28},"end":{"line":100,"column":29}},"loc":{"start":{"line":100,"column":53},"end":{"line":106,"column":19}},"line":100},"10":{"name":"(anonymous_10)","decl":{"start":{"line":112,"column":24},"end":{"line":112,"column":25}},"loc":{"start":{"line":112,"column":41},"end":{"line":112,"column":63}},"line":112}},"branchMap":{"0":{"loc":{"start":{"line":20,"column":4},"end":{"line":20,"column":70}},"type":"cond-expr","locations":[{"start":{"line":20,"column":28},"end":{"line":20,"column":48}},{"start":{"line":20,"column":51},"end":{"line":20,"column":70}}],"line":20},"1":{"loc":{"start":{"line":93,"column":23},"end":{"line":93,"column":52}},"type":"cond-expr","locations":[{"start":{"line":93,"column":31},"end":{"line":93,"column":36}},{"start":{"line":93,"column":39},"end":{"line":93,"column":52}}],"line":93},"2":{"loc":{"start":{"line":96,"column":15},"end":{"line":108,"column":15}},"type":"binary-expr","locations":[{"start":{"line":96,"column":15},"end":{"line":96,"column":19}},{"start":{"line":97,"column":16},"end":{"line":107,"column":18}}],"line":96},"3":{"loc":{"start":{"line":102,"column":20},"end":{"line":105,"column":21}},"type":"if","locations":[{"start":{"line":102,"column":20},"end":{"line":105,"column":21}},{"start":{},"end":{}}],"line":102}},"s":{"0":1,"1":13,"2":13,"3":13,"4":13,"5":13,"6":16,"7":0,"8":16,"9":1,"10":16,"11":0,"12":13,"13":2,"14":2,"15":2,"16":2,"17":2,"18":2,"19":1},"f":{"0":13,"1":16,"2":0,"3":16,"4":1,"5":16,"6":0,"7":13,"8":2,"9":2,"10":2},"b":{"0":[0,13],"1":[4,9],"2":[13,2],"3":[2,0]},"_coverageSchema":"1a1c01bbd47fc00a2c39e90264f33305004495a9","hash":"21f4ed0960e8eb856af81046ff5bff0d56c216f6"}
,"/Users/astro/Documents/enterprise-forms/components/NextButton.tsx": {"path":"/Users/astro/Documents/enterprise-forms/components/NextButton.tsx","statementMap":{"0":{"start":{"line":7,"column":19},"end":{"line":37,"column":1}},"1":{"start":{"line":18,"column":22},"end":{"line":18,"column":63}},"2":{"start":{"line":18,"column":45},"end":{"line":18,"column":62}},"3":{"start":{"line":19,"column":31},"end":{"line":19,"column":79}},"4":{"start":{"line":19,"column":52},"end":{"line":19,"column":78}},"5":{"start":{"line":20,"column":24},"end":{"line":20,"column":40}},"6":{"start":{"line":21,"column":22},"end":{"line":28,"column":3}},"7":{"start":{"line":22,"column":20},"end":{"line":22,"column":41}},"8":{"start":{"line":23,"column":4},"end":{"line":27,"column":5}},"9":{"start":{"line":24,"column":6},"end":{"line":24,"column":29}},"10":{"start":{"line":25,"column":6},"end":{"line":25,"column":31}},"11":{"start":{"line":26,"column":6},"end":{"line":26,"column":45}},"12":{"start":{"line":29,"column":2},"end":{"line":36,"column":4}}},"fnMap":{"0":{"name":"(anonymous_0)","decl":{"start":{"line":7,"column":19},"end":{"line":7,"column":20}},"loc":{"start":{"line":17,"column":6},"end":{"line":37,"column":1}},"line":17},"1":{"name":"(anonymous_1)","decl":{"start":{"line":18,"column":34},"end":{"line":18,"column":35}},"loc":{"start":{"line":18,"column":45},"end":{"line":18,"column":62}},"line":18},"2":{"name":"(anonymous_2)","decl":{"start":{"line":19,"column":43},"end":{"line":19,"column":44}},"loc":{"start":{"line":19,"column":52},"end":{"line":19,"column":78}},"line":19},"3":{"name":"(anonymous_3)","decl":{"start":{"line":21,"column":22},"end":{"line":21,"column":23}},"loc":{"start":{"line":21,"column":34},"end":{"line":28,"column":3}},"line":21}},"branchMap":{"0":{"loc":{"start":{"line":23,"column":4},"end":{"line":27,"column":5}},"type":"if","locations":[{"start":{"line":23,"column":4},"end":{"line":27,"column":5}},{"start":{},"end":{}}],"line":23}},"s":{"0":1,"1":13,"2":41,"3":13,"4":41,"5":13,"6":13,"7":3,"8":3,"9":1,"10":1,"11":1,"12":13},"f":{"0":13,"1":41,"2":41,"3":3},"b":{"0":[1,2]},"_coverageSchema":"1a1c01bbd47fc00a2c39e90264f33305004495a9","hash":"b4c530dcfc11ef7e1f3efc753cfae177373fb39f"}
,"/Users/astro/Documents/enterprise-forms/components/StyledText.tsx": {"path":"/Users/astro/Documents/enterprise-forms/components/StyledText.tsx","statementMap":{"0":{"start":{"line":4,"column":2},"end":{"line":4,"column":80}}},"fnMap":{"0":{"name":"MonoText","decl":{"start":{"line":3,"column":16},"end":{"line":3,"column":24}},"loc":{"start":{"line":3,"column":43},"end":{"line":5,"column":1}},"line":3}},"branchMap":{},"s":{"0":0},"f":{"0":0},"b":{},"_coverageSchema":"1a1c01bbd47fc00a2c39e90264f33305004495a9","hash":"adf25a5de4a4d00793d70271bb80e978bbd5091a"}
,"/Users/astro/Documents/enterprise-forms/components/Themed.tsx": {"path":"/Users/astro/Documents/enterprise-forms/components/Themed.tsx","statementMap":{"0":{"start":{"line":23,"column":16},"end":{"line":23,"column":43}},"1":{"start":{"line":24,"column":25},"end":{"line":24,"column":37}},"2":{"start":{"line":26,"column":2},"end":{"line":30,"column":3}},"3":{"start":{"line":27,"column":4},"end":{"line":27,"column":26}},"4":{"start":{"line":29,"column":4},"end":{"line":29,"column":36}},"5":{"start":{"line":34,"column":58},"end":{"line":34,"column":63}},"6":{"start":{"line":35,"column":16},"end":{"line":35,"column":77}},"7":{"start":{"line":37,"column":2},"end":{"line":37,"column":68}},"8":{"start":{"line":41,"column":58},"end":{"line":41,"column":63}},"9":{"start":{"line":42,"column":26},"end":{"line":42,"column":93}},"10":{"start":{"line":44,"column":2},"end":{"line":44,"column":78}}},"fnMap":{"0":{"name":"useThemeColor","decl":{"start":{"line":19,"column":16},"end":{"line":19,"column":29}},"loc":{"start":{"line":22,"column":2},"end":{"line":31,"column":1}},"line":22},"1":{"name":"Text","decl":{"start":{"line":33,"column":16},"end":{"line":33,"column":20}},"loc":{"start":{"line":33,"column":39},"end":{"line":38,"column":1}},"line":33},"2":{"name":"View","decl":{"start":{"line":40,"column":16},"end":{"line":40,"column":20}},"loc":{"start":{"line":40,"column":39},"end":{"line":45,"column":1}},"line":40}},"branchMap":{"0":{"loc":{"start":{"line":23,"column":16},"end":{"line":23,"column":43}},"type":"binary-expr","locations":[{"start":{"line":23,"column":16},"end":{"line":23,"column":32}},{"start":{"line":23,"column":36},"end":{"line":23,"column":43}}],"line":23},"1":{"loc":{"start":{"line":26,"column":2},"end":{"line":30,"column":3}},"type":"if","locations":[{"start":{"line":26,"column":2},"end":{"line":30,"column":3}},{"start":{"line":28,"column":9},"end":{"line":30,"column":3}}],"line":26}},"s":{"0":0,"1":0,"2":0,"3":0,"4":0,"5":0,"6":0,"7":0,"8":0,"9":0,"10":0},"f":{"0":0,"1":0,"2":0},"b":{"0":[0,0],"1":[0,0]},"_coverageSchema":"1a1c01bbd47fc00a2c39e90264f33305004495a9","hash":"d1d1ea4d45d2ae1197c7451b3e28e33f181938ee"}
,"/Users/astro/Documents/enterprise-forms/components/useColorScheme.ts": {"path":"/Users/astro/Documents/enterprise-forms/components/useColorScheme.ts","statementMap":{},"fnMap":{},"branchMap":{},"s":{},"f":{},"b":{},"_coverageSchema":"1a1c01bbd47fc00a2c39e90264f33305004495a9","hash":"7b1384e8f105121dc2966fdff81550d748f20270"}
,"/Users/astro/Documents/enterprise-forms/constants/Colors.ts": {"path":"/Users/astro/Documents/enterprise-forms/constants/Colors.ts","statementMap":{"0":{"start":{"line":1,"column":23},"end":{"line":1,"column":32}},"1":{"start":{"line":2,"column":22},"end":{"line":2,"column":28}}},"fnMap":{},"branchMap":{},"s":{"0":1,"1":1},"f":{},"b":{},"_coverageSchema":"1a1c01bbd47fc00a2c39e90264f33305004495a9","hash":"12d3adb617186dba03ab6ac9e9703d5ba6e69a5d"}
,"/Users/astro/Documents/enterprise-forms/stores/kycStore.ts": {"path":"/Users/astro/Documents/enterprise-forms/stores/kycStore.ts","statementMap":{"0":{"start":{"line":29,"column":27},"end":{"line":68,"column":1}},"1":{"start":{"line":31,"column":14},"end":{"line":59,"column":5}},"2":{"start":{"line":37,"column":8},"end":{"line":37,"column":37}},"3":{"start":{"line":40,"column":8},"end":{"line":40,"column":47}},"4":{"start":{"line":44,"column":8},"end":{"line":44,"column":69}},"5":{"start":{"line":44,"column":23},"end":{"line":44,"column":66}},"6":{"start":{"line":47,"column":8},"end":{"line":47,"column":35}},"7":{"start":{"line":50,"column":8},"end":{"line":54,"column":11}},"8":{"start":{"line":57,"column":8},"end":{"line":57,"column":55}},"9":{"start":{"line":62,"column":39},"end":{"line":62,"column":51}},"10":{"start":{"line":64,"column":8},"end":{"line":64,"column":48}},"11":{"start":{"line":64,"column":21},"end":{"line":64,"column":47}}},"fnMap":{"0":{"name":"(anonymous_0)","decl":{"start":{"line":31,"column":4},"end":{"line":31,"column":5}},"loc":{"start":{"line":31,"column":14},"end":{"line":59,"column":5}},"line":31},"1":{"name":"(anonymous_1)","decl":{"start":{"line":36,"column":22},"end":{"line":36,"column":23}},"loc":{"start":{"line":36,"column":42},"end":{"line":38,"column":7}},"line":36},"2":{"name":"(anonymous_2)","decl":{"start":{"line":39,"column":6},"end":{"line":39,"column":7}},"loc":{"start":{"line":39,"column":39},"end":{"line":41,"column":7}},"line":39},"3":{"name":"(anonymous_3)","decl":{"start":{"line":43,"column":6},"end":{"line":43,"column":7}},"loc":{"start":{"line":43,"column":24},"end":{"line":45,"column":7}},"line":43},"4":{"name":"(anonymous_4)","decl":{"start":{"line":44,"column":12},"end":{"line":44,"column":13}},"loc":{"start":{"line":44,"column":23},"end":{"line":44,"column":66}},"line":44},"5":{"name":"(anonymous_5)","decl":{"start":{"line":46,"column":6},"end":{"line":46,"column":7}},"loc":{"start":{"line":46,"column":27},"end":{"line":48,"column":7}},"line":46},"6":{"name":"(anonymous_6)","decl":{"start":{"line":49,"column":6},"end":{"line":49,"column":7}},"loc":{"start":{"line":49,"column":18},"end":{"line":55,"column":7}},"line":49},"7":{"name":"(anonymous_7)","decl":{"start":{"line":56,"column":6},"end":{"line":56,"column":7}},"loc":{"start":{"line":56,"column":22},"end":{"line":58,"column":7}},"line":56},"8":{"name":"(anonymous_8)","decl":{"start":{"line":62,"column":33},"end":{"line":62,"column":34}},"loc":{"start":{"line":62,"column":39},"end":{"line":62,"column":51}},"line":62},"9":{"name":"(anonymous_9)","decl":{"start":{"line":63,"column":26},"end":{"line":63,"column":27}},"loc":{"start":{"line":63,"column":37},"end":{"line":65,"column":7}},"line":63},"10":{"name":"(anonymous_10)","decl":{"start":{"line":64,"column":15},"end":{"line":64,"column":16}},"loc":{"start":{"line":64,"column":21},"end":{"line":64,"column":47}},"line":64}},"branchMap":{},"s":{"0":1,"1":1,"2":1,"3":1,"4":1,"5":1,"6":0,"7":0,"8":0,"9":1,"10":1,"11":1},"f":{"0":1,"1":1,"2":1,"3":1,"4":1,"5":0,"6":0,"7":0,"8":1,"9":1,"10":1},"b":{},"_coverageSchema":"1a1c01bbd47fc00a2c39e90264f33305004495a9","hash":"a265d77247811de2ae69cb78ab1397b44b3bd05f"}
}
