TN:
SF:app/onboarding/_layout.tsx
FN:15,(anonymous_0)
FN:29,OnboardingLayout
FN:43,(anonymous_2)
FN:44,(anonymous_3)
FN:45,(anonymous_4)
FN:47,(anonymous_5)
FNF:6
FNH:6
FNDA:2,(anonymous_0)
FNDA:8,OnboardingLayout
FNDA:24,(anonymous_2)
FNDA:24,(anonymous_3)
FNDA:24,(anonymous_4)
FNDA:4,(anonymous_5)
DA:10,1
DA:16,2
DA:17,2
DA:18,1
DA:30,8
DA:43,24
DA:44,24
DA:45,24
DA:47,8
DA:48,4
DA:49,3
DA:61,8
DA:62,2
DA:65,6
DA:66,6
DA:67,6
DA:68,4
DA:72,2
LF:18
LH:18
BRDA:17,0,0,1
BRDA:17,0,1,1
BRDA:48,1,0,3
BRDA:48,1,1,1
BRDA:61,2,0,2
BRDA:61,2,1,6
BRDA:65,3,0,6
BRDA:65,3,1,0
BRDA:67,4,0,4
BRDA:67,4,1,2
BRF:10
BRH:9
end_of_record
TN:
SF:app/onboarding/step1.tsx
FN:10,(anonymous_0)
FN:28,(anonymous_1)
FN:41,(anonymous_2)
FN:48,(anonymous_3)
FN:62,(anonymous_4)
FN:69,(anonymous_5)
FN:83,(anonymous_6)
FN:90,(anonymous_7)
FN:94,(anonymous_8)
FN:100,(anonymous_9)
FN:112,(anonymous_10)
FNF:11
FNH:9
FNDA:13,(anonymous_0)
FNDA:16,(anonymous_1)
FNDA:0,(anonymous_2)
FNDA:16,(anonymous_3)
FNDA:1,(anonymous_4)
FNDA:16,(anonymous_5)
FNDA:0,(anonymous_6)
FNDA:13,(anonymous_7)
FNDA:2,(anonymous_8)
FNDA:2,(anonymous_9)
FNDA:2,(anonymous_10)
DA:10,1
DA:16,13
DA:17,13
DA:18,13
DA:20,13
DA:22,13
DA:29,16
DA:41,0
DA:49,16
DA:62,1
DA:70,16
DA:83,0
DA:91,13
DA:94,2
DA:101,2
DA:102,2
DA:103,2
DA:104,2
DA:112,2
DA:128,1
LF:20
LH:18
BRDA:20,0,0,0
BRDA:20,0,1,13
BRDA:93,1,0,4
BRDA:93,1,1,9
BRDA:96,2,0,13
BRDA:96,2,1,2
BRDA:102,3,0,2
BRDA:102,3,1,0
BRF:8
BRH:6
end_of_record
TN:
SF:components/NextButton.tsx
FN:7,(anonymous_0)
FN:18,(anonymous_1)
FN:19,(anonymous_2)
FN:21,(anonymous_3)
FNF:4
FNH:4
FNDA:13,(anonymous_0)
FNDA:41,(anonymous_1)
FNDA:41,(anonymous_2)
FNDA:3,(anonymous_3)
DA:7,1
DA:18,41
DA:19,41
DA:20,13
DA:21,13
DA:22,3
DA:23,3
DA:24,1
DA:25,1
DA:26,1
DA:29,13
LF:11
LH:11
BRDA:23,0,0,1
BRDA:23,0,1,2
BRF:2
BRH:2
end_of_record
TN:
SF:components/StyledText.tsx
FN:3,MonoText
FNF:1
FNH:0
FNDA:0,MonoText
DA:4,0
LF:1
LH:0
BRF:0
BRH:0
end_of_record
TN:
SF:components/Themed.tsx
FN:19,useThemeColor
FN:33,Text
FN:40,View
FNF:3
FNH:0
FNDA:0,useThemeColor
FNDA:0,Text
FNDA:0,View
DA:23,0
DA:24,0
DA:26,0
DA:27,0
DA:29,0
DA:34,0
DA:35,0
DA:37,0
DA:41,0
DA:42,0
DA:44,0
LF:11
LH:0
BRDA:23,0,0,0
BRDA:23,0,1,0
BRDA:26,1,0,0
BRDA:26,1,1,0
BRF:4
BRH:0
end_of_record
TN:
SF:components/useColorScheme.ts
FNF:0
FNH:0
LF:0
LH:0
BRF:0
BRH:0
end_of_record
TN:
SF:constants/Colors.ts
FNF:0
FNH:0
DA:1,1
DA:2,1
LF:2
LH:2
BRF:0
BRH:0
end_of_record
TN:
SF:stores/kycStore.ts
FN:31,(anonymous_0)
FN:36,(anonymous_1)
FN:39,(anonymous_2)
FN:43,(anonymous_3)
FN:44,(anonymous_4)
FN:46,(anonymous_5)
FN:49,(anonymous_6)
FN:56,(anonymous_7)
FN:62,(anonymous_8)
FN:63,(anonymous_9)
FN:64,(anonymous_10)
FNF:11
FNH:8
FNDA:1,(anonymous_0)
FNDA:1,(anonymous_1)
FNDA:1,(anonymous_2)
FNDA:1,(anonymous_3)
FNDA:1,(anonymous_4)
FNDA:0,(anonymous_5)
FNDA:0,(anonymous_6)
FNDA:0,(anonymous_7)
FNDA:1,(anonymous_8)
FNDA:1,(anonymous_9)
FNDA:1,(anonymous_10)
DA:29,1
DA:31,1
DA:37,1
DA:40,1
DA:44,1
DA:47,0
DA:50,0
DA:57,0
DA:62,1
DA:64,1
LF:10
LH:7
BRF:0
BRH:0
end_of_record
